<?xml version="1.0" encoding="UTF-8"?>
<coverage generated="1767122993">
  <project timestamp="1767122993">
    <file name="/app/src/HttpException.php">
      <class name="HttpException" namespace="global">
        <metrics complexity="43" methods="41" coveredmethods="41" conditionals="0" coveredconditionals="0" statements="45" coveredstatements="45" elements="86" coveredelements="86"/>
      </class>
      <line num="71" type="method" name="create" visibility="public" complexity="3" crap="3" count="47"/>
      <line num="73" type="stmt" count="47"/>
      <line num="74" type="stmt" count="41"/>
      <line num="75" type="stmt" count="40"/>
      <line num="76" type="stmt" count="41"/>
      <line num="78" type="stmt" count="47"/>
      <line num="84" type="method" name="BadRequest" visibility="public" complexity="1" crap="1" count="2"/>
      <line num="86" type="stmt" count="2"/>
      <line num="90" type="method" name="Unauthorized" visibility="public" complexity="1" crap="1" count="1"/>
      <line num="92" type="stmt" count="1"/>
      <line num="96" type="method" name="PaymentRequired" visibility="public" complexity="1" crap="1" count="1"/>
      <line num="98" type="stmt" count="1"/>
      <line num="102" type="method" name="Forbidden" visibility="public" complexity="1" crap="1" count="2"/>
      <line num="104" type="stmt" count="2"/>
      <line num="108" type="method" name="NotFound" visibility="public" complexity="1" crap="1" count="3"/>
      <line num="110" type="stmt" count="3"/>
      <line num="114" type="method" name="MethodNotAllowed" visibility="public" complexity="1" crap="1" count="1"/>
      <line num="116" type="stmt" count="1"/>
      <line num="120" type="method" name="NotAcceptable" visibility="public" complexity="1" crap="1" count="1"/>
      <line num="122" type="stmt" count="1"/>
      <line num="126" type="method" name="ProxyAuthenticationRequired" visibility="public" complexity="1" crap="1" count="1"/>
      <line num="128" type="stmt" count="1"/>
      <line num="132" type="method" name="RequestTimeout" visibility="public" complexity="1" crap="1" count="1"/>
      <line num="134" type="stmt" count="1"/>
      <line num="138" type="method" name="Conflict" visibility="public" complexity="1" crap="1" count="1"/>
      <line num="140" type="stmt" count="1"/>
      <line num="144" type="method" name="Gone" visibility="public" complexity="1" crap="1" count="1"/>
      <line num="146" type="stmt" count="1"/>
      <line num="150" type="method" name="LengthRequired" visibility="public" complexity="1" crap="1" count="1"/>
      <line num="152" type="stmt" count="1"/>
      <line num="156" type="method" name="PreconditionFailed" visibility="public" complexity="1" crap="1" count="1"/>
      <line num="158" type="stmt" count="1"/>
      <line num="162" type="method" name="PayloadTooLarge" visibility="public" complexity="1" crap="1" count="1"/>
      <line num="164" type="stmt" count="1"/>
      <line num="168" type="method" name="UriTooLong" visibility="public" complexity="1" crap="1" count="1"/>
      <line num="170" type="stmt" count="1"/>
      <line num="174" type="method" name="UnsupportedMediaType" visibility="public" complexity="1" crap="1" count="1"/>
      <line num="176" type="stmt" count="1"/>
      <line num="180" type="method" name="RangeNotSatisfiable" visibility="public" complexity="1" crap="1" count="1"/>
      <line num="182" type="stmt" count="1"/>
      <line num="186" type="method" name="ExpectationFailed" visibility="public" complexity="1" crap="1" count="1"/>
      <line num="188" type="stmt" count="1"/>
      <line num="192" type="method" name="ImATeapot" visibility="public" complexity="1" crap="1" count="1"/>
      <line num="194" type="stmt" count="1"/>
      <line num="198" type="method" name="MisdirectedRequest" visibility="public" complexity="1" crap="1" count="1"/>
      <line num="200" type="stmt" count="1"/>
      <line num="204" type="method" name="UnprocessableEntity" visibility="public" complexity="1" crap="1" count="1"/>
      <line num="206" type="stmt" count="1"/>
      <line num="210" type="method" name="Locked" visibility="public" complexity="1" crap="1" count="1"/>
      <line num="212" type="stmt" count="1"/>
      <line num="216" type="method" name="FailedDependency" visibility="public" complexity="1" crap="1" count="1"/>
      <line num="218" type="stmt" count="1"/>
      <line num="222" type="method" name="TooEarly" visibility="public" complexity="1" crap="1" count="1"/>
      <line num="224" type="stmt" count="1"/>
      <line num="228" type="method" name="UpgradeRequired" visibility="public" complexity="1" crap="1" count="1"/>
      <line num="230" type="stmt" count="1"/>
      <line num="234" type="method" name="PreconditionRequired" visibility="public" complexity="1" crap="1" count="1"/>
      <line num="236" type="stmt" count="1"/>
      <line num="240" type="method" name="TooManyRequests" visibility="public" complexity="1" crap="1" count="1"/>
      <line num="242" type="stmt" count="1"/>
      <line num="246" type="method" name="RequestHeaderFieldsTooLarge" visibility="public" complexity="1" crap="1" count="1"/>
      <line num="248" type="stmt" count="1"/>
      <line num="252" type="method" name="UnavailableForLegalReasons" visibility="public" complexity="1" crap="1" count="1"/>
      <line num="254" type="stmt" count="1"/>
      <line num="260" type="method" name="InternalServerError" visibility="public" complexity="1" crap="1" count="2"/>
      <line num="262" type="stmt" count="2"/>
      <line num="266" type="method" name="NotImplemented" visibility="public" complexity="1" crap="1" count="1"/>
      <line num="268" type="stmt" count="1"/>
      <line num="272" type="method" name="BadGateway" visibility="public" complexity="1" crap="1" count="1"/>
      <line num="274" type="stmt" count="1"/>
      <line num="278" type="method" name="ServiceUnavailable" visibility="public" complexity="1" crap="1" count="1"/>
      <line num="280" type="stmt" count="1"/>
      <line num="284" type="method" name="GatewayTimeout" visibility="public" complexity="1" crap="1" count="1"/>
      <line num="286" type="stmt" count="1"/>
      <line num="290" type="method" name="HttpVersionNotSupported" visibility="public" complexity="1" crap="1" count="1"/>
      <line num="292" type="stmt" count="1"/>
      <line num="296" type="method" name="VariantAlsoNegotiates" visibility="public" complexity="1" crap="1" count="1"/>
      <line num="298" type="stmt" count="1"/>
      <line num="302" type="method" name="InsufficientStorage" visibility="public" complexity="1" crap="1" count="1"/>
      <line num="304" type="stmt" count="1"/>
      <line num="308" type="method" name="LoopDetected" visibility="public" complexity="1" crap="1" count="1"/>
      <line num="310" type="stmt" count="1"/>
      <line num="314" type="method" name="NotExtended" visibility="public" complexity="1" crap="1" count="1"/>
      <line num="316" type="stmt" count="1"/>
      <line num="320" type="method" name="NetworkAuthenticationRequired" visibility="public" complexity="1" crap="1" count="1"/>
      <line num="322" type="stmt" count="1"/>
      <metrics loc="324" ncloc="257" classes="1" methods="41" coveredmethods="41" conditionals="0" coveredconditionals="0" statements="45" coveredstatements="45" elements="86" coveredelements="86"/>
    </file>
    <package name="PhpCompatible\Router">
      <file name="/app/src/Router/DownloadResponse.php">
        <class name="PhpCompatible\Router\DownloadResponse" namespace="PhpCompatible\Router">
          <metrics complexity="28" methods="22" coveredmethods="22" conditionals="0" coveredconditionals="0" statements="48" coveredstatements="48" elements="70" coveredelements="70"/>
        </class>
        <line num="4" type="stmt" count="1"/>
        <line num="26" type="method" name="__construct" visibility="public" complexity="1" crap="1" count="22"/>
        <line num="28" type="stmt" count="22"/>
        <line num="29" type="stmt" count="22"/>
        <line num="30" type="stmt" count="22"/>
        <line num="31" type="stmt" count="22"/>
        <line num="32" type="stmt" count="22"/>
        <line num="38" type="method" name="getContent" visibility="public" complexity="1" crap="1" count="4"/>
        <line num="40" type="stmt" count="4"/>
        <line num="47" type="method" name="getMimeType" visibility="public" complexity="1" crap="1" count="13"/>
        <line num="49" type="stmt" count="13"/>
        <line num="56" type="method" name="getFilename" visibility="public" complexity="1" crap="1" count="15"/>
        <line num="58" type="stmt" count="15"/>
        <line num="65" type="method" name="getHeaders" visibility="public" complexity="1" crap="1" count="1"/>
        <line num="67" type="stmt" count="1"/>
        <line num="75" type="method" name="withContent" visibility="public" complexity="1" crap="1" count="1"/>
        <line num="77" type="stmt" count="1"/>
        <line num="78" type="stmt" count="1"/>
        <line num="79" type="stmt" count="1"/>
        <line num="87" type="method" name="withFilename" visibility="public" complexity="1" crap="1" count="1"/>
        <line num="89" type="stmt" count="1"/>
        <line num="90" type="stmt" count="1"/>
        <line num="91" type="stmt" count="1"/>
        <line num="99" type="method" name="withMimeType" visibility="public" complexity="1" crap="1" count="1"/>
        <line num="101" type="stmt" count="1"/>
        <line num="102" type="stmt" count="1"/>
        <line num="103" type="stmt" count="1"/>
        <line num="112" type="method" name="withHeader" visibility="public" complexity="1" crap="1" count="2"/>
        <line num="114" type="stmt" count="2"/>
        <line num="115" type="stmt" count="2"/>
        <line num="116" type="stmt" count="2"/>
        <line num="123" type="method" name="send" visibility="public" complexity="2" crap="2" count="3"/>
        <line num="125" type="stmt" count="3"/>
        <line num="126" type="stmt" count="1"/>
        <line num="128" type="stmt" count="3"/>
        <line num="129" type="stmt" count="3"/>
        <line num="135" type="method" name="getBody" visibility="public" complexity="1" crap="1" count="1"/>
        <line num="137" type="stmt" count="1"/>
        <line num="148" type="method" name="json" visibility="public" complexity="1" crap="1" count="1"/>
        <line num="150" type="stmt" count="1"/>
        <line num="159" type="method" name="csv" visibility="public" complexity="1" crap="1" count="1"/>
        <line num="161" type="stmt" count="1"/>
        <line num="170" type="method" name="pdf" visibility="public" complexity="1" crap="1" count="1"/>
        <line num="172" type="stmt" count="1"/>
        <line num="181" type="method" name="zip" visibility="public" complexity="1" crap="1" count="1"/>
        <line num="183" type="stmt" count="1"/>
        <line num="192" type="method" name="text" visibility="public" complexity="1" crap="1" count="1"/>
        <line num="194" type="stmt" count="1"/>
        <line num="203" type="method" name="xml" visibility="public" complexity="1" crap="1" count="1"/>
        <line num="205" type="stmt" count="1"/>
        <line num="214" type="method" name="html" visibility="public" complexity="1" crap="1" count="1"/>
        <line num="216" type="stmt" count="1"/>
        <line num="225" type="method" name="javascript" visibility="public" complexity="1" crap="1" count="1"/>
        <line num="227" type="stmt" count="1"/>
        <line num="236" type="method" name="css" visibility="public" complexity="1" crap="1" count="1"/>
        <line num="238" type="stmt" count="1"/>
        <line num="247" type="method" name="binary" visibility="public" complexity="1" crap="1" count="1"/>
        <line num="249" type="stmt" count="1"/>
        <line num="259" type="method" name="file" visibility="public" complexity="6" crap="6" count="4"/>
        <line num="261" type="stmt" count="4"/>
        <line num="262" type="stmt" count="1"/>
        <line num="265" type="stmt" count="3"/>
        <line num="266" type="stmt" count="2"/>
        <line num="269" type="stmt" count="3"/>
        <line num="270" type="stmt" count="2"/>
        <line num="271" type="stmt" count="2"/>
        <line num="272" type="stmt" count="2"/>
        <line num="273" type="stmt" count="2"/>
        <line num="274" type="stmt" count="2"/>
        <line num="279" type="stmt" count="3"/>
        <line num="280" type="stmt" count="3"/>
        <metrics loc="282" ncloc="155" classes="1" methods="22" coveredmethods="22" conditionals="0" coveredconditionals="0" statements="49" coveredstatements="49" elements="71" coveredelements="71"/>
      </file>
      <file name="/app/src/Router/HtmlResponse.php">
        <class name="PhpCompatible\Router\HtmlResponse" namespace="PhpCompatible\Router">
          <metrics complexity="13" methods="11" coveredmethods="11" conditionals="0" coveredconditionals="0" statements="29" coveredstatements="29" elements="40" coveredelements="40"/>
        </class>
        <line num="4" type="stmt" count="1"/>
        <line num="24" type="method" name="__construct" visibility="public" complexity="1" crap="1" count="18"/>
        <line num="26" type="stmt" count="18"/>
        <line num="27" type="stmt" count="18"/>
        <line num="28" type="stmt" count="18"/>
        <line num="29" type="stmt" count="18"/>
        <line num="35" type="method" name="getContent" visibility="public" complexity="1" crap="1" count="7"/>
        <line num="37" type="stmt" count="7"/>
        <line num="44" type="method" name="getStatusCode" visibility="public" complexity="1" crap="1" count="10"/>
        <line num="46" type="stmt" count="10"/>
        <line num="53" type="method" name="getHeaders" visibility="public" complexity="1" crap="1" count="1"/>
        <line num="55" type="stmt" count="1"/>
        <line num="63" type="method" name="withContent" visibility="public" complexity="1" crap="1" count="1"/>
        <line num="65" type="stmt" count="1"/>
        <line num="66" type="stmt" count="1"/>
        <line num="67" type="stmt" count="1"/>
        <line num="75" type="method" name="withStatus" visibility="public" complexity="1" crap="1" count="1"/>
        <line num="77" type="stmt" count="1"/>
        <line num="78" type="stmt" count="1"/>
        <line num="79" type="stmt" count="1"/>
        <line num="88" type="method" name="withHeader" visibility="public" complexity="1" crap="1" count="2"/>
        <line num="90" type="stmt" count="2"/>
        <line num="91" type="stmt" count="2"/>
        <line num="92" type="stmt" count="2"/>
        <line num="99" type="method" name="send" visibility="public" complexity="2" crap="2" count="4"/>
        <line num="101" type="stmt" count="4"/>
        <line num="102" type="stmt" count="1"/>
        <line num="104" type="stmt" count="4"/>
        <line num="105" type="stmt" count="4"/>
        <line num="111" type="method" name="getBody" visibility="public" complexity="1" crap="1" count="1"/>
        <line num="113" type="stmt" count="1"/>
        <line num="122" type="method" name="response" visibility="public" complexity="1" crap="1" count="5"/>
        <line num="124" type="stmt" count="5"/>
        <line num="134" type="method" name="view" visibility="public" complexity="2" crap="2" count="3"/>
        <line num="136" type="stmt" count="3"/>
        <line num="137" type="stmt" count="1"/>
        <line num="140" type="stmt" count="2"/>
        <line num="141" type="stmt" count="2"/>
        <line num="142" type="stmt" count="2"/>
        <line num="143" type="stmt" count="2"/>
        <line num="145" type="stmt" count="2"/>
        <metrics loc="147" ncloc="86" classes="1" methods="11" coveredmethods="11" conditionals="0" coveredconditionals="0" statements="30" coveredstatements="30" elements="41" coveredelements="41"/>
      </file>
      <file name="/app/src/Router/JsonResponse.php">
        <class name="PhpCompatible\Router\JsonResponse" namespace="PhpCompatible\Router">
          <metrics complexity="11" methods="10" coveredmethods="10" conditionals="0" coveredconditionals="0" statements="22" coveredstatements="22" elements="32" coveredelements="32"/>
        </class>
        <line num="4" type="stmt" count="1"/>
        <line num="24" type="method" name="__construct" visibility="public" complexity="1" crap="1" count="19"/>
        <line num="26" type="stmt" count="19"/>
        <line num="27" type="stmt" count="19"/>
        <line num="28" type="stmt" count="19"/>
        <line num="29" type="stmt" count="19"/>
        <line num="35" type="method" name="getData" visibility="public" complexity="1" crap="1" count="5"/>
        <line num="37" type="stmt" count="5"/>
        <line num="44" type="method" name="getStatusCode" visibility="public" complexity="1" crap="1" count="12"/>
        <line num="46" type="stmt" count="12"/>
        <line num="53" type="method" name="getHeaders" visibility="public" complexity="1" crap="1" count="1"/>
        <line num="55" type="stmt" count="1"/>
        <line num="63" type="method" name="withData" visibility="public" complexity="1" crap="1" count="1"/>
        <line num="65" type="stmt" count="1"/>
        <line num="66" type="stmt" count="1"/>
        <line num="67" type="stmt" count="1"/>
        <line num="75" type="method" name="withStatus" visibility="public" complexity="1" crap="1" count="1"/>
        <line num="77" type="stmt" count="1"/>
        <line num="78" type="stmt" count="1"/>
        <line num="79" type="stmt" count="1"/>
        <line num="88" type="method" name="withHeader" visibility="public" complexity="1" crap="1" count="2"/>
        <line num="90" type="stmt" count="2"/>
        <line num="91" type="stmt" count="2"/>
        <line num="92" type="stmt" count="2"/>
        <line num="99" type="method" name="send" visibility="public" complexity="2" crap="2" count="3"/>
        <line num="101" type="stmt" count="3"/>
        <line num="102" type="stmt" count="1"/>
        <line num="104" type="stmt" count="3"/>
        <line num="105" type="stmt" count="3"/>
        <line num="111" type="method" name="getBody" visibility="public" complexity="1" crap="1" count="2"/>
        <line num="113" type="stmt" count="2"/>
        <line num="122" type="method" name="response" visibility="public" complexity="1" crap="1" count="9"/>
        <line num="124" type="stmt" count="9"/>
        <metrics loc="126" ncloc="72" classes="1" methods="10" coveredmethods="10" conditionals="0" coveredconditionals="0" statements="23" coveredstatements="23" elements="33" coveredelements="33"/>
      </file>
      <file name="/app/src/Router/Request.php">
        <class name="PhpCompatible\Router\Request" namespace="PhpCompatible\Router">
          <metrics complexity="16" methods="14" coveredmethods="14" conditionals="0" coveredconditionals="0" statements="14" coveredstatements="14" elements="28" coveredelements="28"/>
        </class>
        <line num="4" type="stmt" count="1"/>
        <line num="23" type="method" name="header" visibility="public" complexity="1" crap="1" count="3"/>
        <line num="25" type="stmt" count="3"/>
        <line num="33" type="method" name="accepts" visibility="public" complexity="1" crap="1" count="1"/>
        <line num="35" type="stmt" count="1"/>
        <line num="42" type="method" name="body" visibility="public" complexity="1" crap="1" count="1"/>
        <line num="44" type="stmt" count="1"/>
        <line num="51" type="method" name="json" visibility="public" complexity="1" crap="1" count="1"/>
        <line num="53" type="stmt" count="1"/>
        <line num="60" type="method" name="form" visibility="public" complexity="1" crap="1" count="1"/>
        <line num="62" type="stmt" count="1"/>
        <line num="70" type="method" name="file" visibility="public" complexity="1" crap="1" count="3"/>
        <line num="72" type="stmt" count="3"/>
        <line num="80" type="method" name="hasFile" visibility="public" complexity="1" crap="1" count="1"/>
        <line num="82" type="stmt" count="1"/>
        <line num="91" type="method" name="moveFile" visibility="public" complexity="1" crap="1" count="1"/>
        <line num="93" type="stmt" count="1"/>
        <line num="102" type="method" name="query" visibility="public" complexity="2" crap="2" count="1"/>
        <line num="104" type="stmt" count="1"/>
        <line num="113" type="method" name="post" visibility="public" complexity="2" crap="2" count="1"/>
        <line num="115" type="stmt" count="1"/>
        <line num="122" type="method" name="method" visibility="public" complexity="1" crap="1" count="1"/>
        <line num="124" type="stmt" count="1"/>
        <line num="132" type="method" name="isMethod" visibility="public" complexity="1" crap="1" count="1"/>
        <line num="134" type="stmt" count="1"/>
        <line num="141" type="method" name="isAjax" visibility="public" complexity="1" crap="1" count="1"/>
        <line num="143" type="stmt" count="1"/>
        <line num="150" type="method" name="isJson" visibility="public" complexity="1" crap="1" count="1"/>
        <line num="152" type="stmt" count="1"/>
        <metrics loc="154" ncloc="77" classes="1" methods="14" coveredmethods="14" conditionals="0" coveredconditionals="0" statements="15" coveredstatements="15" elements="29" coveredelements="29"/>
      </file>
      <file name="/app/src/Router/Response.php">
        <class name="PhpCompatible\Router\Response" namespace="PhpCompatible\Router">
          <metrics complexity="14" methods="14" coveredmethods="14" conditionals="0" coveredconditionals="0" statements="23" coveredstatements="23" elements="37" coveredelements="37"/>
        </class>
        <line num="4" type="stmt" count="1"/>
        <line num="24" type="method" name="content" visibility="public" complexity="1" crap="1" count="1"/>
        <line num="26" type="stmt" count="1"/>
        <line num="35" type="method" name="json" visibility="public" complexity="1" crap="1" count="2"/>
        <line num="37" type="stmt" count="2"/>
        <line num="46" type="method" name="html" visibility="public" complexity="1" crap="1" count="2"/>
        <line num="48" type="stmt" count="2"/>
        <line num="57" type="method" name="text" visibility="public" complexity="1" crap="1" count="1"/>
        <line num="59" type="stmt" count="1"/>
        <line num="68" type="method" name="xml" visibility="public" complexity="1" crap="1" count="1"/>
        <line num="70" type="stmt" count="1"/>
        <line num="79" type="method" name="header" visibility="public" complexity="1" crap="1" count="1"/>
        <line num="81" type="stmt" count="1"/>
        <line num="82" type="stmt" count="1"/>
        <line num="91" type="method" name="download" visibility="public" complexity="1" crap="1" count="1"/>
        <line num="93" type="stmt" count="1"/>
        <line num="94" type="stmt" count="1"/>
        <line num="103" type="method" name="downloadFile" visibility="public" complexity="1" crap="1" count="3"/>
        <line num="105" type="stmt" count="3"/>
        <line num="106" type="stmt" count="2"/>
        <line num="114" type="method" name="downloadJson" visibility="public" complexity="1" crap="1" count="1"/>
        <line num="116" type="stmt" count="1"/>
        <line num="117" type="stmt" count="1"/>
        <line num="125" type="method" name="downloadCsv" visibility="public" complexity="1" crap="1" count="1"/>
        <line num="127" type="stmt" count="1"/>
        <line num="128" type="stmt" count="1"/>
        <line num="136" type="method" name="downloadPdf" visibility="public" complexity="1" crap="1" count="1"/>
        <line num="138" type="stmt" count="1"/>
        <line num="139" type="stmt" count="1"/>
        <line num="147" type="method" name="downloadZip" visibility="public" complexity="1" crap="1" count="1"/>
        <line num="149" type="stmt" count="1"/>
        <line num="150" type="stmt" count="1"/>
        <line num="158" type="method" name="downloadText" visibility="public" complexity="1" crap="1" count="1"/>
        <line num="160" type="stmt" count="1"/>
        <line num="161" type="stmt" count="1"/>
        <line num="168" type="method" name="status" visibility="public" complexity="1" crap="1" count="1"/>
        <line num="170" type="stmt" count="1"/>
        <line num="171" type="stmt" count="1"/>
        <metrics loc="172" ncloc="77" classes="1" methods="14" coveredmethods="14" conditionals="0" coveredconditionals="0" statements="24" coveredstatements="24" elements="38" coveredelements="38"/>
      </file>
      <file name="/app/src/Router/Router.php">
        <class name="PhpCompatible\Router\Router" namespace="PhpCompatible\Router">
          <metrics complexity="17" methods="16" coveredmethods="16" conditionals="0" coveredconditionals="0" statements="33" coveredstatements="33" elements="49" coveredelements="49"/>
        </class>
        <line num="4" type="stmt" count="1"/>
        <line num="25" type="method" name="pathMatches" visibility="private" complexity="2" crap="2" count="15"/>
        <line num="27" type="stmt" count="15"/>
        <line num="28" type="stmt" count="5"/>
        <line num="30" type="stmt" count="10"/>
        <line num="39" type="method" name="get" visibility="public" complexity="1" crap="1" count="4"/>
        <line num="41" type="stmt" count="4"/>
        <line num="42" type="stmt" count="4"/>
        <line num="50" type="method" name="post" visibility="public" complexity="1" crap="1" count="2"/>
        <line num="52" type="stmt" count="2"/>
        <line num="53" type="stmt" count="2"/>
        <line num="61" type="method" name="put" visibility="public" complexity="1" crap="1" count="2"/>
        <line num="63" type="stmt" count="2"/>
        <line num="64" type="stmt" count="2"/>
        <line num="72" type="method" name="delete" visibility="public" complexity="1" crap="1" count="2"/>
        <line num="74" type="stmt" count="2"/>
        <line num="75" type="stmt" count="2"/>
        <line num="83" type="method" name="patch" visibility="public" complexity="1" crap="1" count="1"/>
        <line num="85" type="stmt" count="1"/>
        <line num="86" type="stmt" count="1"/>
        <line num="94" type="method" name="head" visibility="public" complexity="1" crap="1" count="1"/>
        <line num="96" type="stmt" count="1"/>
        <line num="97" type="stmt" count="1"/>
        <line num="105" type="method" name="options" visibility="public" complexity="1" crap="1" count="1"/>
        <line num="107" type="stmt" count="1"/>
        <line num="108" type="stmt" count="1"/>
        <line num="116" type="method" name="any" visibility="public" complexity="1" crap="1" count="1"/>
        <line num="118" type="stmt" count="1"/>
        <line num="119" type="stmt" count="1"/>
        <line num="128" type="method" name="match" visibility="public" complexity="1" crap="1" count="1"/>
        <line num="130" type="stmt" count="1"/>
        <line num="131" type="stmt" count="1"/>
        <line num="132" type="stmt" count="1"/>
        <line num="140" type="method" name="group" visibility="public" complexity="1" crap="1" count="2"/>
        <line num="142" type="stmt" count="2"/>
        <line num="143" type="stmt" count="2"/>
        <line num="150" type="method" name="run" visibility="public" complexity="1" crap="1" count="16"/>
        <line num="152" type="stmt" count="16"/>
        <line num="153" type="stmt" count="16"/>
        <line num="160" type="method" name="setRoot" visibility="public" complexity="1" crap="1" count="3"/>
        <line num="162" type="stmt" count="3"/>
        <line num="163" type="stmt" count="3"/>
        <line num="170" type="method" name="rootUrl" visibility="public" complexity="1" crap="1" count="3"/>
        <line num="172" type="stmt" count="3"/>
        <line num="180" type="method" name="redirect" visibility="public" complexity="1" crap="1" count="1"/>
        <line num="182" type="stmt" count="1"/>
        <line num="183" type="stmt" count="1"/>
        <line num="192" type="method" name="staticFolder" visibility="public" complexity="1" crap="1" count="1"/>
        <line num="194" type="stmt" count="1"/>
        <line num="195" type="stmt" count="1"/>
        <metrics loc="196" ncloc="91" classes="1" methods="16" coveredmethods="16" conditionals="0" coveredconditionals="0" statements="34" coveredstatements="34" elements="50" coveredelements="50"/>
      </file>
      <file name="/app/src/Router/ServerRequest.php">
        <class name="PhpCompatible\Router\ServerRequest" namespace="PhpCompatible\Router">
          <metrics complexity="49" methods="27" coveredmethods="26" conditionals="0" coveredconditionals="0" statements="66" coveredstatements="63" elements="93" coveredelements="89"/>
        </class>
        <line num="4" type="stmt" count="1"/>
        <line num="23" type="method" name="__construct" visibility="public" complexity="3" crap="3" count="37"/>
        <line num="25" type="stmt" count="37"/>
        <line num="26" type="stmt" count="37"/>
        <line num="27" type="stmt" count="37"/>
        <line num="28" type="stmt" count="37"/>
        <line num="29" type="stmt" count="37"/>
        <line num="30" type="stmt" count="37"/>
        <line num="31" type="stmt" count="37"/>
        <line num="32" type="stmt" count="37"/>
        <line num="33" type="stmt" count="37"/>
        <line num="35" type="method" name="extractHeaders" visibility="private" complexity="5" crap="5.51" count="37"/>
        <line num="37" type="stmt" count="37"/>
        <line num="38" type="stmt" count="37"/>
        <line num="39" type="stmt" count="0"/>
        <line num="40" type="stmt" count="0"/>
        <line num="41" type="stmt" count="0"/>
        <line num="44" type="stmt" count="37"/>
        <line num="45" type="stmt" count="37"/>
        <line num="46" type="stmt" count="29"/>
        <line num="47" type="stmt" count="29"/>
        <line num="48" type="stmt" count="29"/>
        <line num="51" type="stmt" count="37"/>
        <line num="54" type="method" name="extractParsedBody" visibility="private" complexity="3" crap="3" count="37"/>
        <line num="56" type="stmt" count="37"/>
        <line num="57" type="stmt" count="37"/>
        <line num="58" type="stmt" count="3"/>
        <line num="60" type="stmt" count="35"/>
        <line num="61" type="stmt" count="5"/>
        <line num="63" type="stmt" count="30"/>
        <line num="66" type="method" name="getMethod" visibility="public" complexity="1" crap="1" count="4"/>
        <line num="68" type="stmt" count="4"/>
        <line num="71" type="method" name="getUri" visibility="public" complexity="1" crap="1" count="2"/>
        <line num="73" type="stmt" count="2"/>
        <line num="76" type="method" name="getPath" visibility="public" complexity="2" crap="2" count="4"/>
        <line num="78" type="stmt" count="4"/>
        <line num="81" type="method" name="getQueryParams" visibility="public" complexity="1" crap="1" count="1"/>
        <line num="83" type="stmt" count="1"/>
        <line num="86" type="method" name="getQueryParam" visibility="public" complexity="2" crap="2" count="1"/>
        <line num="88" type="stmt" count="1"/>
        <line num="91" type="method" name="getParsedBody" visibility="public" complexity="1" crap="1" count="2"/>
        <line num="93" type="stmt" count="2"/>
        <line num="96" type="method" name="getBodyParam" visibility="public" complexity="3" crap="3" count="2"/>
        <line num="98" type="stmt" count="2"/>
        <line num="99" type="stmt" count="1"/>
        <line num="101" type="stmt" count="1"/>
        <line num="104" type="method" name="getBody" visibility="public" complexity="1" crap="1" count="1"/>
        <line num="106" type="stmt" count="1"/>
        <line num="109" type="method" name="getServerParams" visibility="public" complexity="1" crap="1" count="1"/>
        <line num="111" type="stmt" count="1"/>
        <line num="114" type="method" name="getServerParam" visibility="public" complexity="2" crap="2" count="1"/>
        <line num="116" type="stmt" count="1"/>
        <line num="119" type="method" name="getUploadedFiles" visibility="public" complexity="1" crap="1" count="1"/>
        <line num="121" type="stmt" count="1"/>
        <line num="124" type="method" name="getUploadedFile" visibility="public" complexity="2" crap="2" count="1"/>
        <line num="126" type="stmt" count="1"/>
        <line num="129" type="method" name="hasUploadedFile" visibility="public" complexity="1" crap="1" count="1"/>
        <line num="131" type="stmt" count="1"/>
        <line num="134" type="method" name="getHeaders" visibility="public" complexity="1" crap="1" count="2"/>
        <line num="136" type="stmt" count="2"/>
        <line num="139" type="method" name="hasHeader" visibility="public" complexity="1" crap="1" count="1"/>
        <line num="141" type="stmt" count="1"/>
        <line num="144" type="method" name="getHeaderLine" visibility="public" complexity="4" crap="4" count="37"/>
        <line num="146" type="stmt" count="37"/>
        <line num="147" type="stmt" count="29"/>
        <line num="148" type="stmt" count="6"/>
        <line num="151" type="stmt" count="35"/>
        <line num="154" type="method" name="getAttributes" visibility="public" complexity="4" crap="4" count="2"/>
        <line num="156" type="stmt" count="2"/>
        <line num="157" type="stmt" count="2"/>
        <line num="158" type="stmt" count="2"/>
        <line num="159" type="stmt" count="2"/>
        <line num="162" type="stmt" count="2"/>
        <line num="165" type="method" name="getAttribute" visibility="public" complexity="3" crap="3" count="4"/>
        <line num="167" type="stmt" count="4"/>
        <line num="168" type="stmt" count="1"/>
        <line num="170" type="stmt" count="4"/>
        <line num="171" type="stmt" count="4"/>
        <line num="172" type="stmt" count="2"/>
        <line num="174" type="stmt" count="2"/>
        <line num="177" type="method" name="getParam" visibility="public" complexity="1" crap="1" count="2"/>
        <line num="179" type="stmt" count="2"/>
        <line num="182" type="method" name="withAttribute" visibility="public" complexity="1" crap="1" count="2"/>
        <line num="184" type="stmt" count="2"/>
        <line num="185" type="stmt" count="2"/>
        <line num="186" type="stmt" count="2"/>
        <line num="189" type="method" name="isAjax" visibility="public" complexity="1" crap="1" count="1"/>
        <line num="191" type="stmt" count="1"/>
        <line num="194" type="method" name="isJson" visibility="public" complexity="1" crap="1" count="2"/>
        <line num="196" type="stmt" count="2"/>
        <line num="199" type="method" name="isMethod" visibility="public" complexity="1" crap="1" count="1"/>
        <line num="201" type="stmt" count="1"/>
        <line num="204" type="method" name="accepts" visibility="public" complexity="1" crap="1" count="1"/>
        <line num="206" type="stmt" count="1"/>
        <metrics loc="208" ncloc="202" classes="1" methods="27" coveredmethods="26" conditionals="0" coveredconditionals="0" statements="67" coveredstatements="64" elements="94" coveredelements="90"/>
      </file>
    </package>
    <file name="/app/src/error_handler_php7.php">
      <line num="12" type="stmt" count="47"/>
      <line num="13" type="stmt" count="42"/>
      <line num="14" type="stmt" count="5"/>
      <line num="15" type="stmt" count="3"/>
      <line num="16" type="stmt" count="2"/>
      <line num="17" type="stmt" count="2"/>
      <metrics loc="19" ncloc="12" classes="0" methods="0" coveredmethods="0" conditionals="0" coveredconditionals="0" statements="6" coveredstatements="6" elements="6" coveredelements="6"/>
    </file>
    <file name="/app/src/middleware.php">
      <line num="10" type="stmt" count="2"/>
      <line num="13" type="stmt" count="2"/>
      <line num="15" type="stmt" count="2"/>
      <line num="16" type="stmt" count="1"/>
      <line num="18" type="stmt" count="2"/>
      <line num="20" type="stmt" count="2"/>
      <metrics loc="21" ncloc="14" classes="0" methods="0" coveredmethods="0" conditionals="0" coveredconditionals="0" statements="6" coveredstatements="6" elements="6" coveredelements="6"/>
    </file>
    <file name="/app/src/request.php">
      <line num="11" type="stmt" count="13"/>
      <line num="12" type="stmt" count="0"/>
      <line num="13" type="stmt" count="0"/>
      <line num="14" type="stmt" count="0"/>
      <line num="19" type="stmt" count="13"/>
      <line num="20" type="stmt" count="13"/>
      <line num="21" type="stmt" count="7"/>
      <line num="24" type="stmt" count="8"/>
      <line num="34" type="stmt" count="10"/>
      <line num="43" type="stmt" count="6"/>
      <line num="52" type="stmt" count="4"/>
      <line num="61" type="stmt" count="1"/>
      <line num="71" type="stmt" count="3"/>
      <line num="72" type="stmt" count="1"/>
      <line num="75" type="stmt" count="2"/>
      <line num="85" type="stmt" count="3"/>
      <line num="96" type="stmt" count="1"/>
      <line num="97" type="stmt" count="0"/>
      <line num="100" type="stmt" count="1"/>
      <metrics loc="101" ncloc="59" classes="0" methods="0" coveredmethods="0" conditionals="0" coveredconditionals="0" statements="19" coveredstatements="15" elements="19" coveredelements="15"/>
    </file>
    <file name="/app/src/response.php">
      <line num="26" type="stmt" count="25"/>
      <line num="27" type="stmt" count="25"/>
      <line num="38" type="stmt" count="10"/>
      <line num="39" type="stmt" count="10"/>
      <line num="50" type="stmt" count="12"/>
      <line num="51" type="stmt" count="12"/>
      <line num="62" type="stmt" count="1"/>
      <line num="63" type="stmt" count="1"/>
      <line num="74" type="stmt" count="1"/>
      <line num="75" type="stmt" count="1"/>
      <line num="86" type="stmt" count="1"/>
      <line num="87" type="stmt" count="1"/>
      <line num="98" type="stmt" count="9"/>
      <line num="99" type="stmt" count="9"/>
      <line num="101" type="stmt" count="9"/>
      <line num="102" type="stmt" count="8"/>
      <line num="105" type="stmt" count="9"/>
      <line num="106" type="stmt" count="9"/>
      <line num="117" type="stmt" count="3"/>
      <line num="118" type="stmt" count="1"/>
      <line num="121" type="stmt" count="2"/>
      <line num="122" type="stmt" count="1"/>
      <line num="125" type="stmt" count="2"/>
      <line num="126" type="stmt" count="2"/>
      <line num="127" type="stmt" count="2"/>
      <line num="128" type="stmt" count="2"/>
      <line num="129" type="stmt" count="2"/>
      <line num="130" type="stmt" count="2"/>
      <line num="135" type="stmt" count="2"/>
      <line num="136" type="stmt" count="2"/>
      <line num="137" type="stmt" count="2"/>
      <line num="139" type="stmt" count="2"/>
      <line num="140" type="stmt" count="2"/>
      <line num="152" type="stmt" count="1"/>
      <line num="153" type="stmt" count="1"/>
      <line num="163" type="stmt" count="1"/>
      <line num="164" type="stmt" count="1"/>
      <line num="174" type="stmt" count="1"/>
      <line num="175" type="stmt" count="1"/>
      <line num="185" type="stmt" count="1"/>
      <line num="186" type="stmt" count="1"/>
      <line num="196" type="stmt" count="1"/>
      <line num="197" type="stmt" count="1"/>
      <line num="207" type="stmt" count="0"/>
      <line num="208" type="stmt" count="0"/>
      <line num="218" type="stmt" count="0"/>
      <line num="219" type="stmt" count="0"/>
      <line num="229" type="stmt" count="0"/>
      <line num="230" type="stmt" count="0"/>
      <line num="240" type="stmt" count="0"/>
      <line num="241" type="stmt" count="0"/>
      <line num="251" type="stmt" count="0"/>
      <line num="252" type="stmt" count="0"/>
      <metrics loc="252" ncloc="139" classes="0" methods="0" coveredmethods="0" conditionals="0" coveredconditionals="0" statements="53" coveredstatements="43" elements="53" coveredelements="43"/>
    </file>
    <file name="/app/src/router.php">
      <line num="22" type="stmt" count="8"/>
      <line num="23" type="stmt" count="8"/>
      <line num="24" type="stmt" count="8"/>
      <line num="25" type="stmt" count="8"/>
      <line num="26" type="stmt" count="8"/>
      <line num="28" type="stmt" count="8"/>
      <line num="32" type="stmt" count="9"/>
      <line num="33" type="stmt" count="9"/>
      <line num="34" type="stmt" count="6"/>
      <line num="36" type="stmt" count="6"/>
      <line num="37" type="stmt" count="6"/>
      <line num="38" type="stmt" count="3"/>
      <line num="40" type="stmt" count="4"/>
      <line num="41" type="stmt" count="2"/>
      <line num="43" type="stmt" count="3"/>
      <line num="44" type="stmt" count="2"/>
      <line num="46" type="stmt" count="2"/>
      <line num="51" type="stmt" count="35"/>
      <line num="56" type="stmt" count="38"/>
      <line num="57" type="stmt" count="1"/>
      <line num="59" type="stmt" count="38"/>
      <line num="60" type="stmt" count="9"/>
      <line num="61" type="stmt" count="31"/>
      <line num="62" type="stmt" count="30"/>
      <line num="64" type="stmt" count="38"/>
      <line num="65" type="stmt" count="38"/>
      <line num="66" type="stmt" count="11"/>
      <line num="68" type="stmt" count="38"/>
      <line num="69" type="stmt" count="7"/>
      <line num="71" type="stmt" count="38"/>
      <line num="76" type="stmt" count="9"/>
      <line num="77" type="stmt" count="9"/>
      <line num="79" type="stmt" count="9"/>
      <line num="80" type="stmt" count="9"/>
      <line num="81" type="stmt" count="1"/>
      <line num="83" type="stmt" count="9"/>
      <line num="84" type="stmt" count="9"/>
      <line num="85" type="stmt" count="9"/>
      <line num="86" type="stmt" count="1"/>
      <line num="88" type="stmt" count="9"/>
      <line num="89" type="stmt" count="9"/>
      <line num="90" type="stmt" count="8"/>
      <line num="91" type="stmt" count="7"/>
      <line num="92" type="stmt" count="7"/>
      <line num="93" type="stmt" count="7"/>
      <line num="96" type="stmt" count="7"/>
      <line num="99" type="stmt" count="3"/>
      <line num="104" type="stmt" count="6"/>
      <line num="105" type="stmt" count="6"/>
      <line num="106" type="stmt" count="6"/>
      <line num="107" type="stmt" count="6"/>
      <line num="108" type="stmt" count="5"/>
      <line num="110" type="stmt" count="6"/>
      <line num="111" type="stmt" count="2"/>
      <line num="113" type="stmt" count="6"/>
      <line num="114" type="stmt" count="6"/>
      <line num="115" type="stmt" count="6"/>
      <line num="119" type="stmt" count="9"/>
      <line num="120" type="stmt" count="9"/>
      <line num="121" type="stmt" count="1"/>
      <line num="123" type="stmt" count="9"/>
      <line num="124" type="stmt" count="3"/>
      <line num="126" type="stmt" count="3"/>
      <line num="127" type="stmt" count="3"/>
      <line num="131" type="stmt" count="6"/>
      <line num="133" type="stmt" count="9"/>
      <line num="139" type="stmt" count="47"/>
      <line num="140" type="stmt" count="47"/>
      <line num="141" type="stmt" count="47"/>
      <line num="142" type="stmt" count="47"/>
      <line num="143" type="stmt" count="5"/>
      <line num="144" type="stmt" count="5"/>
      <line num="145" type="stmt" count="5"/>
      <line num="147" type="stmt" count="42"/>
      <line num="148" type="stmt" count="40"/>
      <line num="150" type="stmt" count="2"/>
      <line num="151" type="stmt" count="2"/>
      <line num="152" type="stmt" count="2"/>
      <line num="153" type="stmt" count="2"/>
      <line num="157" type="stmt" count="42"/>
      <line num="158" type="stmt" count="3"/>
      <line num="160" type="stmt" count="40"/>
      <line num="161" type="stmt" count="3"/>
      <line num="164" type="stmt" count="40"/>
      <line num="165" type="stmt" count="40"/>
      <line num="166" type="stmt" count="40"/>
      <line num="167" type="stmt" count="40"/>
      <line num="177" type="stmt" count="44"/>
      <line num="178" type="stmt" count="42"/>
      <line num="179" type="stmt" count="2"/>
      <line num="180" type="stmt" count="0"/>
      <line num="183" type="stmt" count="2"/>
      <line num="186" type="stmt" count="42"/>
      <line num="188" type="stmt" count="42"/>
      <line num="190" type="stmt" count="38"/>
      <line num="194" type="stmt" count="4"/>
      <line num="195" type="stmt" count="4"/>
      <line num="196" type="stmt" count="4"/>
      <line num="199" type="stmt" count="4"/>
      <line num="200" type="stmt" count="4"/>
      <line num="201" type="stmt" count="4"/>
      <line num="202" type="stmt" count="1"/>
      <line num="206" type="stmt" count="4"/>
      <line num="208" type="stmt" count="1"/>
      <line num="209" type="stmt" count="1"/>
      <line num="210" type="stmt" count="0"/>
      <line num="211" type="stmt" count="0"/>
      <line num="214" type="stmt" count="1"/>
      <line num="218" type="stmt" count="3"/>
      <line num="219" type="stmt" count="3"/>
      <line num="220" type="stmt" count="3"/>
      <line num="222" type="stmt" count="0"/>
      <line num="227" type="stmt" count="4"/>
      <line num="237" type="stmt" count="42"/>
      <line num="238" type="stmt" count="35"/>
      <line num="242" type="stmt" count="7"/>
      <line num="243" type="stmt" count="3"/>
      <line num="244" type="stmt" count="3"/>
      <line num="245" type="stmt" count="3"/>
      <line num="246" type="stmt" count="1"/>
      <line num="247" type="stmt" count="1"/>
      <line num="251" type="stmt" count="2"/>
      <line num="252" type="stmt" count="2"/>
      <line num="253" type="stmt" count="2"/>
      <line num="258" type="stmt" count="4"/>
      <line num="259" type="stmt" count="2"/>
      <line num="260" type="stmt" count="2"/>
      <line num="261" type="stmt" count="2"/>
      <line num="263" type="stmt" count="4"/>
      <line num="267" type="stmt" count="2"/>
      <line num="268" type="stmt" count="2"/>
      <line num="269" type="stmt" count="2"/>
      <line num="273" type="stmt" count="2"/>
      <line num="274" type="stmt" count="2"/>
      <line num="275" type="stmt" count="2"/>
      <line num="277" type="stmt" count="2"/>
      <line num="278" type="stmt" count="2"/>
      <line num="282" type="stmt" count="8"/>
      <line num="283" type="stmt" count="8"/>
      <line num="284" type="stmt" count="1"/>
      <line num="285" type="stmt" count="1"/>
      <line num="287" type="stmt" count="8"/>
      <line num="288" type="stmt" count="8"/>
      <line num="289" type="stmt" count="8"/>
      <line num="290" type="stmt" count="1"/>
      <line num="292" type="stmt" count="8"/>
      <line num="293" type="stmt" count="8"/>
      <line num="294" type="stmt" count="8"/>
      <line num="296" type="stmt" count="8"/>
      <line num="297" type="stmt" count="8"/>
      <line num="299" type="stmt" count="8"/>
      <line num="300" type="stmt" count="8"/>
      <line num="302" type="stmt" count="8"/>
      <line num="303" type="stmt" count="1"/>
      <line num="304" type="stmt" count="7"/>
      <line num="305" type="stmt" count="1"/>
      <line num="306" type="stmt" count="6"/>
      <line num="307" type="stmt" count="1"/>
      <line num="308" type="stmt" count="5"/>
      <line num="309" type="stmt" count="1"/>
      <line num="311" type="stmt" count="8"/>
      <line num="312" type="stmt" count="8"/>
      <line num="313" type="stmt" count="8"/>
      <line num="314" type="stmt" count="8"/>
      <line num="315" type="stmt" count="8"/>
      <line num="324" type="stmt" count="28"/>
      <line num="327" type="stmt" count="28"/>
      <line num="391" type="stmt" count="28"/>
      <line num="392" type="stmt" count="27"/>
      <line num="395" type="stmt" count="1"/>
      <line num="405" type="stmt" count="20"/>
      <line num="406" type="stmt" count="20"/>
      <line num="408" type="stmt" count="20"/>
      <line num="409" type="stmt" count="20"/>
      <line num="412" type="stmt" count="20"/>
      <line num="413" type="stmt" count="20"/>
      <line num="414" type="stmt" count="20"/>
      <line num="415" type="stmt" count="1"/>
      <line num="417" type="stmt" count="19"/>
      <line num="421" type="stmt" count="20"/>
      <line num="422" type="stmt" count="20"/>
      <line num="423" type="stmt" count="18"/>
      <line num="424" type="stmt" count="18"/>
      <line num="425" type="stmt" count="17"/>
      <line num="429" type="stmt" count="3"/>
      <line num="441" type="stmt" count="14"/>
      <line num="442" type="stmt" count="14"/>
      <line num="443" type="stmt" count="1"/>
      <line num="447" type="stmt" count="13"/>
      <line num="448" type="stmt" count="13"/>
      <line num="449" type="stmt" count="13"/>
      <line num="453" type="stmt" count="13"/>
      <line num="454" type="stmt" count="13"/>
      <line num="455" type="stmt" count="13"/>
      <line num="456" type="stmt" count="13"/>
      <line num="458" type="stmt" count="13"/>
      <line num="459" type="stmt" count="1"/>
      <line num="462" type="stmt" count="12"/>
      <line num="463" type="stmt" count="12"/>
      <line num="464" type="stmt" count="12"/>
      <line num="467" type="stmt" count="12"/>
      <line num="468" type="stmt" count="2"/>
      <line num="471" type="stmt" count="10"/>
      <line num="472" type="stmt" count="10"/>
      <line num="474" type="stmt" count="10"/>
      <line num="475" type="stmt" count="0"/>
      <line num="478" type="stmt" count="10"/>
      <line num="479" type="stmt" count="1"/>
      <line num="483" type="stmt" count="9"/>
      <line num="484" type="stmt" count="1"/>
      <line num="485" type="stmt" count="1"/>
      <line num="486" type="stmt" count="1"/>
      <line num="491" type="stmt" count="9"/>
      <line num="492" type="stmt" count="9"/>
      <line num="495" type="stmt" count="9"/>
      <line num="496" type="stmt" count="9"/>
      <line num="497" type="stmt" count="8"/>
      <line num="498" type="stmt" count="8"/>
      <line num="502" type="stmt" count="9"/>
      <line num="503" type="stmt" count="9"/>
      <line num="506" type="stmt" count="9"/>
      <line num="507" type="stmt" count="9"/>
      <line num="508" type="stmt" count="9"/>
      <metrics loc="508" ncloc="423" classes="0" methods="0" coveredmethods="0" conditionals="0" coveredconditionals="0" statements="223" coveredstatements="218" elements="223" coveredelements="218"/>
    </file>
    <metrics files="13" loc="2510" ncloc="1664" classes="8" methods="155" coveredmethods="154" conditionals="0" coveredconditionals="0" statements="594" coveredstatements="572" elements="749" coveredelements="726"/>
  </project>
</coverage>
